<?xml version="1.0" encoding="UTF-8"?>
<!-- Generated by org.testng.reporters.JUnitXMLReporter -->
<testsuite hostname="GAJENDRA-LAPTOP" ignored="1" name="VerifyTestParallel" tests="3" failures="0" timestamp="2023-04-10T22:37:43 IST" time="0.12" errors="0">
  <testcase name="test" time="0.014" classname="TestingAnnotation.Test1"/>
  <testcase name="test2" time="0.004" classname="TestingAnnotation.Test1"/>
  <testcase name="test3" time="0.004" classname="TestingAnnotation.Test1"/>
  <testcase name="test1" time="0.0" classname="TestingAnnotation.Test1">
    <ignored/>
  </testcase> <!-- test1 -->
</testsuite> <!-- VerifyTestParallel -->
