<?xml version="1.0" encoding="UTF-8"?>
<!-- Generated by org.testng.reporters.JUnitXMLReporter -->
<testsuite hostname="GAJENDRA-LAPTOP" ignored="0" name="Test Verify Cucumber" tests="2" failures="0" timestamp="2023-04-25T08:17:31 IST" time="1.217" errors="0">
  <testcase name="runScenario" time="0.2" classname="io.cucumber.testng.AbstractTestNGCucumberTests"/>
  <testcase name="runScenario" time="0.02" classname="io.cucumber.testng.AbstractTestNGCucumberTests"/>
</testsuite> <!-- Test Verify Cucumber -->
