<?xml version="1.0" encoding="UTF-8"?>
<!-- Generated by org.testng.reporters.JUnitXMLReporter -->
<testsuite hostname="GAJENDRA-LAPTOP" ignored="1" name="Data1" tests="3" failures="0" timestamp="2023-04-10T20:52:18 IST" time="0.1" errors="0">
  <testcase name="test1" time="0.016" classname="TestingAnnotation.Test4"/>
  <testcase name="test2" time="0.003" classname="TestingAnnotation.Test4"/>
  <testcase name="test3" time="0.003" classname="TestingAnnotation.Test4"/>
  <testcase name="eTest1" time="0.0" classname="TestingAnnotation.Test4">
    <ignored/>
  </testcase> <!-- eTest1 -->
</testsuite> <!-- Data1 -->
