<?xml version="1.0" encoding="UTF-8"?>
<!-- Generated by org.testng.reporters.JUnitXMLReporter -->
<testsuite hostname="GAJENDRA-LAPTOP" ignored="0" name="AnnotationVerify2" tests="7" failures="0" timestamp="2023-04-10T22:52:49 IST" time="0.044" errors="0">
  <testcase name="test2" time="0.002" classname="TestingAnnotation.Test3"/>
  <testcase name="test3" time="0.002" classname="TestingAnnotation.Test3"/>
  <testcase name="test4" time="0.001" classname="TestingAnnotation.Test3"/>
  <testcase name="eTest1" time="0.001" classname="TestingAnnotation.Test4"/>
  <testcase name="test1" time="0.002" classname="TestingAnnotation.Test4"/>
  <testcase name="test2" time="0.002" classname="TestingAnnotation.Test4"/>
  <testcase name="test3" time="0.001" classname="TestingAnnotation.Test4"/>
</testsuite> <!-- AnnotationVerify2 -->
