<?xml version="1.0" encoding="UTF-8"?>
<testsuite xmlns:xsi="http://www.w3.org/2001/XMLSchema-instance" xsi:noNamespaceSchemaLocation="https://maven.apache.org/surefire/maven-surefire-plugin/xsd/surefire-test-report-3.0.xsd" version="3.0" name="TestSuite" time="2.801" tests="2" errors="0" skipped="0" failures="0">
  <properties>
[...]
</properties>
  <testcase name="runScenario[&quot;Title of your scenario&quot;, &quot;List of scenarios.&quot;](1)" classname="testrunner.TestRunner" time="0.846">
    <system-out><![CDATA[
@testDevelopment @development
Scenario: Title of your scenario                 # src/main/java/features/Automation.feature:9
Test
  Given I want to write a step with precondition # stepDefinitions.commonStepDefinition.<init>(commonStepDefinition.java:8)
Test 2 Steps
  And some other precondition                    # stepDefinitions.commonStepDefinition.<init>(commonStepDefinition.java:12)
Test 3 Steps
  And I complete action                          # stepDefinitions.commonStepDefinition.<init>(commonStepDefinition.java:16)
Test 4 Steps
  And some other action                          # stepDefinitions.commonStepDefinition.<init>(commonStepDefinition.java:20)
Test 5 Steps
  And yet another action                         # stepDefinitions.commonStepDefinition.<init>(commonStepDefinition.java:24)
Test 6 Steps
  Then I validate the outcomes                   # stepDefinitions.commonStepDefinition.<init>(commonStepDefinition.java:28)
Test 7 Steps
  And check more outcomes                        # stepDefinitions.commonStepDefinition.<init>(commonStepDefinition.java:32)
]]></system-out>
  </testcase>
  <testcase name="runScenario[&quot;Title of your scenario1&quot;, &quot;List of scenarios.&quot;](2)" classname="testrunner.TestRunner" time="0.131">
    <system-out><![CDATA[
@testDevelopment @test
Scenario: Title of your scenario1                # src/main/java/features/Automation.feature:19
Test
  Given I want to write a step with precondition # stepDefinitions.commonStepDefinition.<init>(commonStepDefinition.java:8)
Test 2 Steps
  And some other precondition                    # stepDefinitions.commonStepDefinition.<init>(commonStepDefinition.java:12)
Test 3 Steps
  And I complete action                          # stepDefinitions.commonStepDefinition.<init>(commonStepDefinition.java:16)
Test 4 Steps
  And some other action                          # stepDefinitions.commonStepDefinition.<init>(commonStepDefinition.java:20)
Test 5 Steps
  And yet another action                         # stepDefinitions.commonStepDefinition.<init>(commonStepDefinition.java:24)
Test 6 Steps
  Then I validate the outcomes                   # stepDefinitions.commonStepDefinition.<init>(commonStepDefinition.java:28)
Test 7 Steps
  And check more outcomes                        # stepDefinitions.commonStepDefinition.<init>(commonStepDefinition.java:32)
]]></system-out>
  </testcase>
</testsuite>