<?xml version="1.0" encoding="UTF-8"?>
<testng-results skipped="0" failed="0" ignored="0" total="2" passed="2">
  <reporter-output>
  </reporter-output>
  <suite name="TestNg Cucumber" duration-ms="1217" started-at="2023-04-25T08:17:29 IST" finished-at="2023-04-25T08:17:31 IST">
    <groups>
      <group name="cucumber">
        <method signature="AbstractTestNGCucumberTests.runScenario(io.cucumber.testng.PickleWrapper, io.cucumber.testng.FeatureWrapper)[pri:0, instance:testrunner.TestRunner@23faf8f2]" name="runScenario" class="io.cucumber.testng.AbstractTestNGCucumberTests"/>
      </group> <!-- cucumber -->
    </groups>
    <test name="Test Verify Cucumber" duration-ms="1217" started-at="2023-04-25T08:17:29 IST" finished-at="2023-04-25T08:17:31 IST">
      <class name="testrunner.TestRunner">
        <test-method status="PASS" signature="setUpClass(org.testng.ITestContext)[pri:0, instance:testrunner.TestRunner@23faf8f2]" name="setUpClass" is-config="true" duration-ms="834" started-at="2023-04-25T08:17:29 IST" finished-at="2023-04-25T08:17:30 IST">
          <params>
            <param index="0">
              <value>
                <![CDATA[org.testng.TestRunner@294a6b8e]]>
              </value>
            </param>
          </params>
          <reporter-output>
          </reporter-output>
        </test-method> <!-- setUpClass -->
        <test-method status="PASS" signature="runScenario(io.cucumber.testng.PickleWrapper, io.cucumber.testng.FeatureWrapper)[pri:0, instance:testrunner.TestRunner@23faf8f2]" name="runScenario" duration-ms="200" started-at="2023-04-25T08:17:30 IST" description="Runs Cucumber Scenarios" data-provider="scenarios" finished-at="2023-04-25T08:17:30 IST">
          <params>
            <param index="0">
              <value>
                <![CDATA["Title of your scenario"]]>
              </value>
            </param>
            <param index="1">
              <value>
                <![CDATA["List of scenarios."]]>
              </value>
            </param>
          </params>
          <reporter-output>
          </reporter-output>
        </test-method> <!-- runScenario -->
        <test-method status="PASS" signature="runScenario(io.cucumber.testng.PickleWrapper, io.cucumber.testng.FeatureWrapper)[pri:0, instance:testrunner.TestRunner@23faf8f2]" name="runScenario" duration-ms="20" started-at="2023-04-25T08:17:30 IST" description="Runs Cucumber Scenarios" data-provider="scenarios" finished-at="2023-04-25T08:17:31 IST">
          <params>
            <param index="0">
              <value>
                <![CDATA["Title of your scenario1"]]>
              </value>
            </param>
            <param index="1">
              <value>
                <![CDATA["List of scenarios."]]>
              </value>
            </param>
          </params>
          <reporter-output>
          </reporter-output>
        </test-method> <!-- runScenario -->
        <test-method status="PASS" signature="tearDownClass()[pri:0, instance:testrunner.TestRunner@23faf8f2]" name="tearDownClass" is-config="true" duration-ms="111" started-at="2023-04-25T08:17:31 IST" finished-at="2023-04-25T08:17:31 IST">
          <reporter-output>
          </reporter-output>
        </test-method> <!-- tearDownClass -->
      </class> <!-- testrunner.TestRunner -->
    </test> <!-- Test Verify Cucumber -->
  </suite> <!-- TestNg Cucumber -->
</testng-results>
