<?xml version="1.0" encoding="UTF-8"?>
<!-- Generated by org.testng.reporters.JUnitXMLReporter -->
<testsuite hostname="GAJENDRA-LAPTOP" ignored="1" name="VerifyDependGroupTest" tests="2" failures="0" timestamp="2023-04-11T08:17:39 IST" time="0.076" errors="0">
  <testcase name="test1" time="0.013" classname="TestingAnnotation.DependsOnGroup"/>
  <testcase name="test2" time="0.002" classname="TestingAnnotation.DependsOnGroup"/>
  <testcase name="test3" time="0.0" classname="TestingAnnotation.DependsOnGroup">
    <ignored/>
  </testcase> <!-- test3 -->
</testsuite> <!-- VerifyDependGroupTest -->
