<?xml version="1.0" encoding="UTF-8"?>
<testng-results skipped="0" failed="0" ignored="0" total="1" passed="1">
  <reporter-output>
  </reporter-output>
  <suite name="Default suite" duration-ms="11550" started-at="2023-10-16T19:45:45 IST" finished-at="2023-10-16T19:45:56 IST">
    <groups>
    </groups>
    <test name="Default test" duration-ms="11550" started-at="2023-10-16T19:45:45 IST" finished-at="2023-10-16T19:45:56 IST">
      <class name="SeleniumPractice.AppScreen">
        <test-method status="PASS" signature="appUser()[pri:0, instance:SeleniumPractice.AppScreen@6121c9d6]" name="appUser" duration-ms="11494" started-at="2023-10-16T19:45:45 IST" finished-at="2023-10-16T19:45:56 IST">
          <reporter-output>
          </reporter-output>
        </test-method> <!-- appUser -->
      </class> <!-- SeleniumPractice.AppScreen -->
    </test> <!-- Default test -->
  </suite> <!-- Default suite -->
</testng-results>
