<?xml version="1.0" encoding="UTF-8"?>
<!-- Generated by org.testng.reporters.JUnitReportReporter -->
<testsuite skipped="0" hostname="GAJENDRA-LAPTOP" name="TestingAnnotation.Test4" tests="4" failures="0" timestamp="2023-04-10T22:52:49 IST" time="0.006" errors="0">
  <testcase name="test3" time="0.001" classname="TestingAnnotation.Test4"/>
  <testcase name="eTest1" time="0.001" classname="TestingAnnotation.Test4"/>
  <testcase name="test1" time="0.002" classname="TestingAnnotation.Test4"/>
  <testcase name="test2" time="0.002" classname="TestingAnnotation.Test4"/>
</testsuite> <!-- TestingAnnotation.Test4 -->
