<?xml version="1.0" encoding="UTF-8"?>
<!-- Generated by org.testng.reporters.JUnitXMLReporter -->
<testsuite hostname="GAJENDRA-LAPTOP" ignored="3" name="TestVerifyExclude" tests="1" failures="0" timestamp="2023-04-10T20:56:06 IST" time="0.075" errors="0">
  <testcase name="eTest1" time="0.016" classname="TestingAnnotation.Test4"/>
  <testcase name="test1" time="0.0" classname="TestingAnnotation.Test4">
    <ignored/>
  </testcase> <!-- test1 -->
  <testcase name="test3" time="0.0" classname="TestingAnnotation.Test4">
    <ignored/>
  </testcase> <!-- test3 -->
  <testcase name="test2" time="0.0" classname="TestingAnnotation.Test4">
    <ignored/>
  </testcase> <!-- test2 -->
</testsuite> <!-- TestVerifyExclude -->
