<?xml version="1.0" encoding="UTF-8"?>
<!-- Generated by org.testng.reporters.JUnitXMLReporter -->
<testsuite hostname="GAJENDRA-LAPTOP" ignored="1" name="VerifyGroupTests1" tests="2" failures="0" timestamp="2023-04-10T23:17:50 IST" time="0.01" errors="0">
  <testcase name="groupTest2" time="0.001" classname="TestingAnnotation.GroupTest"/>
  <testcase name="groupTest3" time="0.001" classname="TestingAnnotation.GroupTest"/>
  <testcase name="groupTest1" time="0.0" classname="TestingAnnotation.GroupTest">
    <ignored/>
  </testcase> <!-- groupTest1 -->
</testsuite> <!-- VerifyGroupTests1 -->
