<?xml version="1.0" encoding="UTF-8"?>
<!-- Generated by org.testng.reporters.JUnitXMLReporter -->
<testsuite hostname="GAJENDRA-LAPTOP" ignored="0" name="DependTestMethodVerify" tests="4" failures="0" timestamp="2023-04-11T07:45:03 IST" time="0.098" errors="0">
  <testcase name="t1" time="0.014" classname="TestingAnnotation.DependOnMethods"/>
  <testcase name="t3" time="0.004" classname="TestingAnnotation.DependOnMethods"/>
  <testcase name="t2" time="0.003" classname="TestingAnnotation.DependOnMethods"/>
  <testcase name="t4" time="0.002" classname="TestingAnnotation.DependOnMethods"/>
</testsuite> <!-- DependTestMethodVerify -->
